Traceback (most recent call last):
  File "/home/mayorga/miniconda/envs/nica_natur_jb/lib/python3.8/site-packages/jupyter_cache/executors/utils.py", line 51, in single_nb_execution
    executenb(
  File "/home/mayorga/miniconda/envs/nica_natur_jb/lib/python3.8/site-packages/nbclient/client.py", line 1087, in execute
    return NotebookClient(nb=nb, resources=resources, km=km, **kwargs).execute()
  File "/home/mayorga/miniconda/envs/nica_natur_jb/lib/python3.8/site-packages/nbclient/util.py", line 74, in wrapped
    return just_run(coro(*args, **kwargs))
  File "/home/mayorga/miniconda/envs/nica_natur_jb/lib/python3.8/site-packages/nbclient/util.py", line 53, in just_run
    return loop.run_until_complete(coro)
  File "/home/mayorga/miniconda/envs/nica_natur_jb/lib/python3.8/asyncio/base_events.py", line 616, in run_until_complete
    return future.result()
  File "/home/mayorga/miniconda/envs/nica_natur_jb/lib/python3.8/site-packages/nbclient/client.py", line 540, in async_execute
    await self.async_execute_cell(
  File "/home/mayorga/miniconda/envs/nica_natur_jb/lib/python3.8/site-packages/nbclient/client.py", line 832, in async_execute_cell
    self._check_raise_for_error(cell, exec_reply)
  File "/home/mayorga/miniconda/envs/nica_natur_jb/lib/python3.8/site-packages/nbclient/client.py", line 740, in _check_raise_for_error
    raise CellExecutionError.from_cell_and_msg(cell, exec_reply['content'])
nbclient.exceptions.CellExecutionError: An error occurred while executing the following cell:
------------------
gdf = gpd.read_file(kmlurl, driver='KML')
------------------

[0;31m---------------------------------------------------------------------------[0m
[0;31mConnectionResetError[0m                      Traceback (most recent call last)
[0;32m<ipython-input-25-77000e21ae2a>[0m in [0;36m<module>[0;34m[0m
[0;32m----> 1[0;31m [0mgdf[0m [0;34m=[0m [0mgpd[0m[0;34m.[0m[0mread_file[0m[0;34m([0m[0mkmlurl[0m[0;34m,[0m [0mdriver[0m[0;34m=[0m[0;34m'KML'[0m[0;34m)[0m[0;34m[0m[0;34m[0m[0m
[0m
[0;32m~/miniconda/envs/nica_natur_jb/lib/python3.8/site-packages/geopandas/io/file.py[0m in [0;36m_read_file[0;34m(filename, bbox, mask, rows, **kwargs)[0m
[1;32m     83[0m     """
[1;32m     84[0m     [0;32mif[0m [0m_is_url[0m[0;34m([0m[0mfilename[0m[0;34m)[0m[0;34m:[0m[0;34m[0m[0;34m[0m[0m
[0;32m---> 85[0;31m         [0mreq[0m [0;34m=[0m [0m_urlopen[0m[0;34m([0m[0mfilename[0m[0;34m)[0m[0;34m[0m[0;34m[0m[0m
[0m[1;32m     86[0m         [0mpath_or_bytes[0m [0;34m=[0m [0mreq[0m[0;34m.[0m[0mread[0m[0;34m([0m[0;34m)[0m[0;34m[0m[0;34m[0m[0m
[1;32m     87[0m         [0mreader[0m [0;34m=[0m [0mfiona[0m[0;34m.[0m[0mBytesCollection[0m[0;34m[0m[0;34m[0m[0m

[0;32m~/miniconda/envs/nica_natur_jb/lib/python3.8/urllib/request.py[0m in [0;36murlopen[0;34m(url, data, timeout, cafile, capath, cadefault, context)[0m
[1;32m    220[0m     [0;32melse[0m[0;34m:[0m[0;34m[0m[0;34m[0m[0m
[1;32m    221[0m         [0mopener[0m [0;34m=[0m [0m_opener[0m[0;34m[0m[0;34m[0m[0m
[0;32m--> 222[0;31m     [0;32mreturn[0m [0mopener[0m[0;34m.[0m[0mopen[0m[0;34m([0m[0murl[0m[0;34m,[0m [0mdata[0m[0;34m,[0m [0mtimeout[0m[0;34m)[0m[0;34m[0m[0;34m[0m[0m
[0m[1;32m    223[0m [0;34m[0m[0m
[1;32m    224[0m [0;32mdef[0m [0minstall_opener[0m[0;34m([0m[0mopener[0m[0;34m)[0m[0;34m:[0m[0;34m[0m[0;34m[0m[0m

[0;32m~/miniconda/envs/nica_natur_jb/lib/python3.8/urllib/request.py[0m in [0;36mopen[0;34m(self, fullurl, data, timeout)[0m
[1;32m    523[0m [0;34m[0m[0m
[1;32m    524[0m         [0msys[0m[0;34m.[0m[0maudit[0m[0;34m([0m[0;34m'urllib.Request'[0m[0;34m,[0m [0mreq[0m[0;34m.[0m[0mfull_url[0m[0;34m,[0m [0mreq[0m[0;34m.[0m[0mdata[0m[0;34m,[0m [0mreq[0m[0;34m.[0m[0mheaders[0m[0;34m,[0m [0mreq[0m[0;34m.[0m[0mget_method[0m[0;34m([0m[0;34m)[0m[0;34m)[0m[0;34m[0m[0;34m[0m[0m
[0;32m--> 525[0;31m         [0mresponse[0m [0;34m=[0m [0mself[0m[0;34m.[0m[0m_open[0m[0;34m([0m[0mreq[0m[0;34m,[0m [0mdata[0m[0;34m)[0m[0;34m[0m[0;34m[0m[0m
[0m[1;32m    526[0m [0;34m[0m[0m
[1;32m    527[0m         [0;31m# post-process response[0m[0;34m[0m[0;34m[0m[0;34m[0m[0m

[0;32m~/miniconda/envs/nica_natur_jb/lib/python3.8/urllib/request.py[0m in [0;36m_open[0;34m(self, req, data)[0m
[1;32m    540[0m [0;34m[0m[0m
[1;32m    541[0m         [0mprotocol[0m [0;34m=[0m [0mreq[0m[0;34m.[0m[0mtype[0m[0;34m[0m[0;34m[0m[0m
[0;32m--> 542[0;31m         result = self._call_chain(self.handle_open, protocol, protocol +
[0m[1;32m    543[0m                                   '_open', req)
[1;32m    544[0m         [0;32mif[0m [0mresult[0m[0;34m:[0m[0;34m[0m[0;34m[0m[0m

[0;32m~/miniconda/envs/nica_natur_jb/lib/python3.8/urllib/request.py[0m in [0;36m_call_chain[0;34m(self, chain, kind, meth_name, *args)[0m
[1;32m    500[0m         [0;32mfor[0m [0mhandler[0m [0;32min[0m [0mhandlers[0m[0;34m:[0m[0;34m[0m[0;34m[0m[0m
[1;32m    501[0m             [0mfunc[0m [0;34m=[0m [0mgetattr[0m[0;34m([0m[0mhandler[0m[0;34m,[0m [0mmeth_name[0m[0;34m)[0m[0;34m[0m[0;34m[0m[0m
[0;32m--> 502[0;31m             [0mresult[0m [0;34m=[0m [0mfunc[0m[0;34m([0m[0;34m*[0m[0margs[0m[0;34m)[0m[0;34m[0m[0;34m[0m[0m
[0m[1;32m    503[0m             [0;32mif[0m [0mresult[0m [0;32mis[0m [0;32mnot[0m [0;32mNone[0m[0;34m:[0m[0;34m[0m[0;34m[0m[0m
[1;32m    504[0m                 [0;32mreturn[0m [0mresult[0m[0;34m[0m[0;34m[0m[0m

[0;32m~/miniconda/envs/nica_natur_jb/lib/python3.8/urllib/request.py[0m in [0;36mhttps_open[0;34m(self, req)[0m
[1;32m   1391[0m [0;34m[0m[0m
[1;32m   1392[0m         [0;32mdef[0m [0mhttps_open[0m[0;34m([0m[0mself[0m[0;34m,[0m [0mreq[0m[0;34m)[0m[0;34m:[0m[0;34m[0m[0;34m[0m[0m
[0;32m-> 1393[0;31m             return self.do_open(http.client.HTTPSConnection, req,
[0m[1;32m   1394[0m                 context=self._context, check_hostname=self._check_hostname)
[1;32m   1395[0m [0;34m[0m[0m

[0;32m~/miniconda/envs/nica_natur_jb/lib/python3.8/urllib/request.py[0m in [0;36mdo_open[0;34m(self, http_class, req, **http_conn_args)[0m
[1;32m   1352[0m             [0;32mexcept[0m [0mOSError[0m [0;32mas[0m [0merr[0m[0;34m:[0m [0;31m# timeout error[0m[0;34m[0m[0;34m[0m[0m
[1;32m   1353[0m                 [0;32mraise[0m [0mURLError[0m[0;34m([0m[0merr[0m[0;34m)[0m[0;34m[0m[0;34m[0m[0m
[0;32m-> 1354[0;31m             [0mr[0m [0;34m=[0m [0mh[0m[0;34m.[0m[0mgetresponse[0m[0;34m([0m[0;34m)[0m[0;34m[0m[0;34m[0m[0m
[0m[1;32m   1355[0m         [0;32mexcept[0m[0;34m:[0m[0;34m[0m[0;34m[0m[0m
[1;32m   1356[0m             [0mh[0m[0;34m.[0m[0mclose[0m[0;34m([0m[0;34m)[0m[0;34m[0m[0;34m[0m[0m

[0;32m~/miniconda/envs/nica_natur_jb/lib/python3.8/http/client.py[0m in [0;36mgetresponse[0;34m(self)[0m
[1;32m   1345[0m         [0;32mtry[0m[0;34m:[0m[0;34m[0m[0;34m[0m[0m
[1;32m   1346[0m             [0;32mtry[0m[0;34m:[0m[0;34m[0m[0;34m[0m[0m
[0;32m-> 1347[0;31m                 [0mresponse[0m[0;34m.[0m[0mbegin[0m[0;34m([0m[0;34m)[0m[0;34m[0m[0;34m[0m[0m
[0m[1;32m   1348[0m             [0;32mexcept[0m [0mConnectionError[0m[0;34m:[0m[0;34m[0m[0;34m[0m[0m
[1;32m   1349[0m                 [0mself[0m[0;34m.[0m[0mclose[0m[0;34m([0m[0;34m)[0m[0;34m[0m[0;34m[0m[0m

[0;32m~/miniconda/envs/nica_natur_jb/lib/python3.8/http/client.py[0m in [0;36mbegin[0;34m(self)[0m
[1;32m    305[0m         [0;31m# read until we get a non-100 response[0m[0;34m[0m[0;34m[0m[0;34m[0m[0m
[1;32m    306[0m         [0;32mwhile[0m [0;32mTrue[0m[0;34m:[0m[0;34m[0m[0;34m[0m[0m
[0;32m--> 307[0;31m             [0mversion[0m[0;34m,[0m [0mstatus[0m[0;34m,[0m [0mreason[0m [0;34m=[0m [0mself[0m[0;34m.[0m[0m_read_status[0m[0;34m([0m[0;34m)[0m[0;34m[0m[0;34m[0m[0m
[0m[1;32m    308[0m             [0;32mif[0m [0mstatus[0m [0;34m!=[0m [0mCONTINUE[0m[0;34m:[0m[0;34m[0m[0;34m[0m[0m
[1;32m    309[0m                 [0;32mbreak[0m[0;34m[0m[0;34m[0m[0m

[0;32m~/miniconda/envs/nica_natur_jb/lib/python3.8/http/client.py[0m in [0;36m_read_status[0;34m(self)[0m
[1;32m    266[0m [0;34m[0m[0m
[1;32m    267[0m     [0;32mdef[0m [0m_read_status[0m[0;34m([0m[0mself[0m[0;34m)[0m[0;34m:[0m[0;34m[0m[0;34m[0m[0m
[0;32m--> 268[0;31m         [0mline[0m [0;34m=[0m [0mstr[0m[0;34m([0m[0mself[0m[0;34m.[0m[0mfp[0m[0;34m.[0m[0mreadline[0m[0;34m([0m[0m_MAXLINE[0m [0;34m+[0m [0;36m1[0m[0;34m)[0m[0;34m,[0m [0;34m"iso-8859-1"[0m[0;34m)[0m[0;34m[0m[0;34m[0m[0m
[0m[1;32m    269[0m         [0;32mif[0m [0mlen[0m[0;34m([0m[0mline[0m[0;34m)[0m [0;34m>[0m [0m_MAXLINE[0m[0;34m:[0m[0;34m[0m[0;34m[0m[0m
[1;32m    270[0m             [0;32mraise[0m [0mLineTooLong[0m[0;34m([0m[0;34m"status line"[0m[0;34m)[0m[0;34m[0m[0;34m[0m[0m

[0;32m~/miniconda/envs/nica_natur_jb/lib/python3.8/socket.py[0m in [0;36mreadinto[0;34m(self, b)[0m
[1;32m    667[0m         [0;32mwhile[0m [0;32mTrue[0m[0;34m:[0m[0;34m[0m[0;34m[0m[0m
[1;32m    668[0m             [0;32mtry[0m[0;34m:[0m[0;34m[0m[0;34m[0m[0m
[0;32m--> 669[0;31m                 [0;32mreturn[0m [0mself[0m[0;34m.[0m[0m_sock[0m[0;34m.[0m[0mrecv_into[0m[0;34m([0m[0mb[0m[0;34m)[0m[0;34m[0m[0;34m[0m[0m
[0m[1;32m    670[0m             [0;32mexcept[0m [0mtimeout[0m[0;34m:[0m[0;34m[0m[0;34m[0m[0m
[1;32m    671[0m                 [0mself[0m[0;34m.[0m[0m_timeout_occurred[0m [0;34m=[0m [0;32mTrue[0m[0;34m[0m[0;34m[0m[0m

[0;32m~/miniconda/envs/nica_natur_jb/lib/python3.8/ssl.py[0m in [0;36mrecv_into[0;34m(self, buffer, nbytes, flags)[0m
[1;32m   1239[0m                   [0;34m"non-zero flags not allowed in calls to recv_into() on %s"[0m [0;34m%[0m[0;34m[0m[0;34m[0m[0m
[1;32m   1240[0m                   self.__class__)
[0;32m-> 1241[0;31m             [0;32mreturn[0m [0mself[0m[0;34m.[0m[0mread[0m[0;34m([0m[0mnbytes[0m[0;34m,[0m [0mbuffer[0m[0;34m)[0m[0;34m[0m[0;34m[0m[0m
[0m[1;32m   1242[0m         [0;32melse[0m[0;34m:[0m[0;34m[0m[0;34m[0m[0m
[1;32m   1243[0m             [0;32mreturn[0m [0msuper[0m[0;34m([0m[0;34m)[0m[0;34m.[0m[0mrecv_into[0m[0;34m([0m[0mbuffer[0m[0;34m,[0m [0mnbytes[0m[0;34m,[0m [0mflags[0m[0;34m)[0m[0;34m[0m[0;34m[0m[0m

[0;32m~/miniconda/envs/nica_natur_jb/lib/python3.8/ssl.py[0m in [0;36mread[0;34m(self, len, buffer)[0m
[1;32m   1097[0m         [0;32mtry[0m[0;34m:[0m[0;34m[0m[0;34m[0m[0m
[1;32m   1098[0m             [0;32mif[0m [0mbuffer[0m [0;32mis[0m [0;32mnot[0m [0;32mNone[0m[0;34m:[0m[0;34m[0m[0;34m[0m[0m
[0;32m-> 1099[0;31m                 [0;32mreturn[0m [0mself[0m[0;34m.[0m[0m_sslobj[0m[0;34m.[0m[0mread[0m[0;34m([0m[0mlen[0m[0;34m,[0m [0mbuffer[0m[0;34m)[0m[0;34m[0m[0;34m[0m[0m
[0m[1;32m   1100[0m             [0;32melse[0m[0;34m:[0m[0;34m[0m[0;34m[0m[0m
[1;32m   1101[0m                 [0;32mreturn[0m [0mself[0m[0;34m.[0m[0m_sslobj[0m[0;34m.[0m[0mread[0m[0;34m([0m[0mlen[0m[0;34m)[0m[0;34m[0m[0;34m[0m[0m

[0;31mConnectionResetError[0m: [Errno 104] Connection reset by peer
ConnectionResetError: [Errno 104] Connection reset by peer

